<?xml version="1.0" encoding="UTF-8"?>
<!-- Generated by org.testng.reporters.JUnitXMLReporter -->
<testsuite ignored="7" hostname="thinkpad12g" failures="0" tests="1" name="Default test" time="28.917" errors="0" timestamp="2023-12-19T10:37:06 EET">
  <testcase classname="MyTestCases" name="HotelTabSwitch" time="23.238"/>
  <testcase classname="MyTestCases" name="checktheLanguage" time="0.0">
    <ignored/>
  </testcase> <!-- checktheLanguage -->
  <testcase classname="MyTestCases" name="checkQitafLogoIsThere" time="0.0">
    <ignored/>
  </testcase> <!-- checkQitafLogoIsThere -->
  <testcase classname="MyTestCases" name="checktheCurrency" time="0.0">
    <ignored/>
  </testcase> <!-- checktheCurrency -->
  <testcase classname="MyTestCases" name="ContactNumberCheck" time="0.0">
    <ignored/>
  </testcase> <!-- ContactNumberCheck -->
  <testcase classname="MyTestCases" name="CheckTheDateOfTheWebSite" time="0.0">
    <ignored/>
  </testcase> <!-- CheckTheDateOfTheWebSite -->
  <testcase classname="MyTestCases" name="changeTheLanguageofTheWebsiteRandomly" time="0.0">
    <ignored/>
  </testcase> <!-- changeTheLanguageofTheWebsiteRandomly -->
  <testcase classname="MyTestCases" name="CheckHotelTabIsNotSelected" time="0.0">
    <ignored/>
  </testcase> <!-- CheckHotelTabIsNotSelected -->
</testsuite> <!-- Default test -->
