<?xml version="1.0" encoding="UTF-8"?>
<testng-results ignored="7" total="8" passed="1" failed="0" skipped="0">
  <reporter-output>
  </reporter-output>
  <suite started-at="2023-12-19T10:36:37 EET" name="Default suite" finished-at="2023-12-19T10:37:06 EET" duration-ms="28917">
    <groups>
    </groups>
    <test started-at="2023-12-19T10:36:37 EET" name="Default test" finished-at="2023-12-19T10:37:06 EET" duration-ms="28917">
      <class name="MyTestCases">
        <test-method is-config="true" signature="myBeforeTest()[pri:0, instance:MyTestCases@293d0107]" started-at="2023-12-19T10:36:37 EET" name="myBeforeTest" finished-at="2023-12-19T10:36:42 EET" duration-ms="5635" status="PASS">
          <reporter-output>
          </reporter-output>
        </test-method> <!-- myBeforeTest -->
        <test-method signature="HotelTabSwitch()[pri:0, instance:MyTestCases@293d0107]" started-at="2023-12-19T10:36:43 EET" name="HotelTabSwitch" finished-at="2023-12-19T10:37:06 EET" duration-ms="23238" status="PASS">
          <reporter-output>
          </reporter-output>
        </test-method> <!-- HotelTabSwitch -->
        <test-method is-config="true" signature="myAfterTest()[pri:0, instance:MyTestCases@293d0107]" started-at="2023-12-19T10:37:06 EET" name="myAfterTest" finished-at="2023-12-19T10:37:06 EET" duration-ms="1" status="PASS">
          <reporter-output>
          </reporter-output>
        </test-method> <!-- myAfterTest -->
      </class> <!-- MyTestCases -->
    </test> <!-- Default test -->
  </suite> <!-- Default suite -->
</testng-results>
